<?xml version="1.0" encoding="UTF-8"?>
<!-- Generated by org.testng.reporters.JUnitReportReporter -->
<testsuite skipped="0" hostname="MININT-UM25UFB" name="com.dollardays.testcases.Team1HomePageTestcase" tests="7" failures="0" timestamp="2020-10-16T15:51:51 EDT" time="120.416" errors="0">
  <testcase name="tc_verfiyWishListLogo" time="22.043" classname="com.dollardays.testcases.Team1HomePageTestcase"/>
  <system-out/>
  <testcase name="tc_verfiyCartLogo" time="14.755" classname="com.dollardays.testcases.Team1HomePageTestcase"/>
  <system-out/>
  <testcase name="tc_06_CheckPageTitle" time="11.235" classname="com.dollardays.testcases.Team1HomePageTestcase"/>
  <system-out/>
  <testcase name="tc_verfiyWishList" time="17.273" classname="com.dollardays.testcases.Team1HomePageTestcase"/>
  <system-out/>
  <testcase name="tc_verfiyDdLogo" time="12.326" classname="com.dollardays.testcases.Team1HomePageTestcase"/>
  <system-out/>
  <testcase name="tc_verfiySignInList" time="11.787" classname="com.dollardays.testcases.Team1HomePageTestcase"/>
  <system-out/>
  <testcase name="tc_verfiySignInLogo" time="30.997" classname="com.dollardays.testcases.Team1HomePageTestcase"/>
  <system-out/>
</testsuite> <!-- com.dollardays.testcases.Team1HomePageTestcase -->
